<?xml version="1.0" encoding="UTF-8"?>
<testng-results skipped="0" failed="2" ignored="0" total="5" passed="3">
  <reporter-output>
    <line>
      <![CDATA[click on basic_course]]>
    </line>
    <line>
      <![CDATA[click on green box icon]]>
    </line>
    <line>
      <![CDATA[driver switch to main frame]]>
    </line>
    <line>
      <![CDATA[driver switch to child frame]]>
    </line>
    <line>
      <![CDATA[click on repaint box 2 ]]>
    </line>
    <line>
      <![CDATA[driver switch to child frame]]>
    </line>
    <line>
      <![CDATA[click on repaint box 2 ]]>
    </line>
    <line>
      <![CDATA[driver switch to child frame]]>
    </line>
    <line>
      <![CDATA[click on repaint box 2 ]]>
    </line>
    <line>
      <![CDATA[driver switch to child frame]]>
    </line>
    <line>
      <![CDATA[click on repaint box 2 ]]>
    </line>
    <line>
      <![CDATA[driver switch to child frame]]>
    </line>
    <line>
      <![CDATA[click on repaint box 2 ]]>
    </line>
    <line>
      <![CDATA[driver switch to child frame]]>
    </line>
    <line>
      <![CDATA[click on repaint box 2 ]]>
    </line>
    <line>
      <![CDATA[driver switch to child frame]]>
    </line>
    <line>
      <![CDATA[click on repaint box 2 ]]>
    </line>
    <line>
      <![CDATA[driver switch to child frame]]>
    </line>
    <line>
      <![CDATA[click on repaint box 2 ]]>
    </line>
    <line>
      <![CDATA[driver switch to child frame]]>
    </line>
    <line>
      <![CDATA[click on repaint box 2 ]]>
    </line>
    <line>
      <![CDATA[driver switch to child frame]]>
    </line>
    <line>
      <![CDATA[click on repaint box 2 ]]>
    </line>
    <line>
      <![CDATA[driver switch to child frame]]>
    </line>
    <line>
      <![CDATA[click on repaint box 2 ]]>
    </line>
    <line>
      <![CDATA[driver switch to child frame]]>
    </line>
    <line>
      <![CDATA[driver switch to parent frame]]>
    </line>
    <line>
      <![CDATA[click on proceed buttton]]>
    </line>
    <line>
      <![CDATA[drag drag_box to drop_box]]>
    </line>
    <line>
      <![CDATA[click on proceed button]]>
    </line>
    <line>
      <![CDATA[click on launch window]]>
    </line>
    <line>
      <![CDATA[driver switch to child window]]>
    </line>
    <line>
      <![CDATA[send keys to input text_box]]>
    </line>
    <line>
      <![CDATA[click on submit_button]]>
    </line>
    <line>
      <![CDATA[driver switch to parent window]]>
    </line>
    <line>
      <![CDATA[click on proceed button]]>
    </line>
  </reporter-output>
  <suite name="Default suite" duration-ms="77873" started-at="2017-07-27T09:23:50Z" finished-at="2017-07-27T09:25:08Z">
    <groups>
    </groups>
    <test name="Default test" duration-ms="77873" started-at="2017-07-27T09:23:50Z" finished-at="2017-07-27T09:25:08Z">
      <class name="TestPackage.TatocTestBasic">
        <test-method status="PASS" signature="beforeClass()[pri:0, instance:TestPackage.TatocTestBasic@7cd62f43]" name="beforeClass" is-config="true" duration-ms="15622" started-at="2017-07-27T14:53:50Z" finished-at="2017-07-27T14:54:05Z">
          <reporter-output>
          </reporter-output>
        </test-method> <!-- beforeClass -->
        <test-method status="PASS" signature="testGreebBox()[pri:0, instance:TestPackage.TatocTestBasic@7cd62f43]" name="testGreebBox" duration-ms="708" started-at="2017-07-27T14:54:05Z" finished-at="2017-07-27T14:54:06Z">
          <reporter-output>
            <line>
              <![CDATA[click on basic_course]]>
            </line>
            <line>
              <![CDATA[click on green box icon]]>
            </line>
          </reporter-output>
        </test-method> <!-- testGreebBox -->
        <test-method status="PASS" signature="testFrameDungeon()[pri:1, instance:TestPackage.TatocTestBasic@7cd62f43]" name="testFrameDungeon" duration-ms="55854" started-at="2017-07-27T14:54:06Z" finished-at="2017-07-27T14:55:02Z">
          <reporter-output>
            <line>
              <![CDATA[driver switch to main frame]]>
            </line>
            <line>
              <![CDATA[driver switch to child frame]]>
            </line>
            <line>
              <![CDATA[click on repaint box 2 ]]>
            </line>
            <line>
              <![CDATA[driver switch to child frame]]>
            </line>
            <line>
              <![CDATA[click on repaint box 2 ]]>
            </line>
            <line>
              <![CDATA[driver switch to child frame]]>
            </line>
            <line>
              <![CDATA[click on repaint box 2 ]]>
            </line>
            <line>
              <![CDATA[driver switch to child frame]]>
            </line>
            <line>
              <![CDATA[click on repaint box 2 ]]>
            </line>
            <line>
              <![CDATA[driver switch to child frame]]>
            </line>
            <line>
              <![CDATA[click on repaint box 2 ]]>
            </line>
            <line>
              <![CDATA[driver switch to child frame]]>
            </line>
            <line>
              <![CDATA[click on repaint box 2 ]]>
            </line>
            <line>
              <![CDATA[driver switch to child frame]]>
            </line>
            <line>
              <![CDATA[click on repaint box 2 ]]>
            </line>
            <line>
              <![CDATA[driver switch to child frame]]>
            </line>
            <line>
              <![CDATA[click on repaint box 2 ]]>
            </line>
            <line>
              <![CDATA[driver switch to child frame]]>
            </line>
            <line>
              <![CDATA[click on repaint box 2 ]]>
            </line>
            <line>
              <![CDATA[driver switch to child frame]]>
            </line>
            <line>
              <![CDATA[click on repaint box 2 ]]>
            </line>
            <line>
              <![CDATA[driver switch to child frame]]>
            </line>
            <line>
              <![CDATA[click on repaint box 2 ]]>
            </line>
            <line>
              <![CDATA[driver switch to child frame]]>
            </line>
            <line>
              <![CDATA[driver switch to parent frame]]>
            </line>
            <line>
              <![CDATA[click on proceed buttton]]>
            </line>
          </reporter-output>
        </test-method> <!-- testFrameDungeon -->
        <test-method status="PASS" signature="testDragAround()[pri:2, instance:TestPackage.TatocTestBasic@7cd62f43]" name="testDragAround" duration-ms="423" started-at="2017-07-27T14:55:02Z" finished-at="2017-07-27T14:55:02Z">
          <reporter-output>
            <line>
              <![CDATA[drag drag_box to drop_box]]>
            </line>
            <line>
              <![CDATA[click on proceed button]]>
            </line>
          </reporter-output>
        </test-method> <!-- testDragAround -->
        <test-method status="FAIL" signature="testPopUpWindow()[pri:3, instance:TestPackage.TatocTestBasic@7cd62f43]" name="testPopUpWindow" duration-ms="2395" started-at="2017-07-27T14:55:02Z" finished-at="2017-07-27T14:55:05Z">
          <exception class="java.lang.AssertionError">
            <message>
              <![CDATA[expected [Cookie Handling - Basic Course - T.A.T.O.C] but found [Error - T.A.T.O.C]]]>
            </message>
            <full-stacktrace>
              <![CDATA[java.lang.AssertionError: expected [Cookie Handling - Basic Course - T.A.T.O.C] but found [Error - T.A.T.O.C]
	at org.testng.Assert.fail(Assert.java:93)
	at org.testng.Assert.failNotEquals(Assert.java:512)
	at org.testng.Assert.assertEqualsImpl(Assert.java:134)
	at org.testng.Assert.assertEquals(Assert.java:115)
	at org.testng.Assert.assertEquals(Assert.java:189)
	at org.testng.Assert.assertEquals(Assert.java:199)
	at TestPackage.TatocTestBasic.testPopUpWindow(TatocTestBasic.java:55)
	at sun.reflect.NativeMethodAccessorImpl.invoke0(Native Method)
	at sun.reflect.NativeMethodAccessorImpl.invoke(NativeMethodAccessorImpl.java:62)
	at sun.reflect.DelegatingMethodAccessorImpl.invoke(DelegatingMethodAccessorImpl.java:43)
	at java.lang.reflect.Method.invoke(Method.java:498)
	at org.testng.internal.MethodInvocationHelper.invokeMethod(MethodInvocationHelper.java:108)
	at org.testng.internal.Invoker.invokeMethod(Invoker.java:661)
	at org.testng.internal.Invoker.invokeTestMethod(Invoker.java:869)
	at org.testng.internal.Invoker.invokeTestMethods(Invoker.java:1193)
	at org.testng.internal.TestMethodWorker.invokeTestMethods(TestMethodWorker.java:126)
	at org.testng.internal.TestMethodWorker.run(TestMethodWorker.java:109)
	at org.testng.TestRunner.privateRun(TestRunner.java:744)
	at org.testng.TestRunner.run(TestRunner.java:602)
	at org.testng.SuiteRunner.runTest(SuiteRunner.java:380)
	at org.testng.SuiteRunner.runSequentially(SuiteRunner.java:375)
	at org.testng.SuiteRunner.privateRun(SuiteRunner.java:340)
	at org.testng.SuiteRunner.run(SuiteRunner.java:289)
	at org.testng.SuiteRunnerWorker.runSuite(SuiteRunnerWorker.java:52)
	at org.testng.SuiteRunnerWorker.run(SuiteRunnerWorker.java:86)
	at org.testng.TestNG.runSuitesSequentially(TestNG.java:1301)
	at org.testng.TestNG.runSuitesLocally(TestNG.java:1226)
	at org.testng.TestNG.runSuites(TestNG.java:1144)
	at org.testng.TestNG.run(TestNG.java:1115)
	at org.testng.remote.AbstractRemoteTestNG.run(AbstractRemoteTestNG.java:132)
	at org.testng.remote.RemoteTestNG.initAndRun(RemoteTestNG.java:230)
	at org.testng.remote.RemoteTestNG.main(RemoteTestNG.java:76)
]]>
            </full-stacktrace>
          </exception> <!-- java.lang.AssertionError -->
          <reporter-output>
            <line>
              <![CDATA[click on launch window]]>
            </line>
            <line>
              <![CDATA[driver switch to child window]]>
            </line>
            <line>
              <![CDATA[send keys to input text_box]]>
            </line>
            <line>
              <![CDATA[click on submit_button]]>
            </line>
            <line>
              <![CDATA[driver switch to parent window]]>
            </line>
            <line>
              <![CDATA[click on proceed button]]>
            </line>
          </reporter-output>
        </test-method> <!-- testPopUpWindow -->
        <test-method status="FAIL" signature="testCookies()[pri:4, instance:TestPackage.TatocTestBasic@7cd62f43]" name="testCookies" duration-ms="32" started-at="2017-07-27T14:55:05Z" finished-at="2017-07-27T14:55:05Z">
          <exception class="java.lang.NullPointerException">
            <full-stacktrace>
              <![CDATA[java.lang.NullPointerException
	at ActionPackage.Tatoc_Basic_JS.setCookies(Tatoc_Basic_JS.java:107)
	at TestPackage.TatocTestBasic.testCookies(TatocTestBasic.java:60)
	at sun.reflect.NativeMethodAccessorImpl.invoke0(Native Method)
	at sun.reflect.NativeMethodAccessorImpl.invoke(NativeMethodAccessorImpl.java:62)
	at sun.reflect.DelegatingMethodAccessorImpl.invoke(DelegatingMethodAccessorImpl.java:43)
	at java.lang.reflect.Method.invoke(Method.java:498)
	at org.testng.internal.MethodInvocationHelper.invokeMethod(MethodInvocationHelper.java:108)
	at org.testng.internal.Invoker.invokeMethod(Invoker.java:661)
	at org.testng.internal.Invoker.invokeTestMethod(Invoker.java:869)
	at org.testng.internal.Invoker.invokeTestMethods(Invoker.java:1193)
	at org.testng.internal.TestMethodWorker.invokeTestMethods(TestMethodWorker.java:126)
	at org.testng.internal.TestMethodWorker.run(TestMethodWorker.java:109)
	at org.testng.TestRunner.privateRun(TestRunner.java:744)
	at org.testng.TestRunner.run(TestRunner.java:602)
	at org.testng.SuiteRunner.runTest(SuiteRunner.java:380)
	at org.testng.SuiteRunner.runSequentially(SuiteRunner.java:375)
	at org.testng.SuiteRunner.privateRun(SuiteRunner.java:340)
	at org.testng.SuiteRunner.run(SuiteRunner.java:289)
	at org.testng.SuiteRunnerWorker.runSuite(SuiteRunnerWorker.java:52)
	at org.testng.SuiteRunnerWorker.run(SuiteRunnerWorker.java:86)
	at org.testng.TestNG.runSuitesSequentially(TestNG.java:1301)
	at org.testng.TestNG.runSuitesLocally(TestNG.java:1226)
	at org.testng.TestNG.runSuites(TestNG.java:1144)
	at org.testng.TestNG.run(TestNG.java:1115)
	at org.testng.remote.AbstractRemoteTestNG.run(AbstractRemoteTestNG.java:132)
	at org.testng.remote.RemoteTestNG.initAndRun(RemoteTestNG.java:230)
	at org.testng.remote.RemoteTestNG.main(RemoteTestNG.java:76)
]]>
            </full-stacktrace>
          </exception> <!-- java.lang.NullPointerException -->
          <reporter-output>
          </reporter-output>
        </test-method> <!-- testCookies -->
        <test-method status="PASS" signature="afterClass()[pri:0, instance:TestPackage.TatocTestBasic@7cd62f43]" name="afterClass" is-config="true" duration-ms="2809" started-at="2017-07-27T14:55:05Z" finished-at="2017-07-27T14:55:08Z">
          <reporter-output>
          </reporter-output>
        </test-method> <!-- afterClass -->
      </class> <!-- TestPackage.TatocTestBasic -->
    </test> <!-- Default test -->
  </suite> <!-- Default suite -->
</testng-results>
